# JRE version: Java(TM) SE Runtime Environment (8.0_144-b01) (build 1.8.0_144-b01)
# Java VM: Java HotSpot(TM) 64-Bit Server VM (25.144-b01 mixed mode windows-amd64 compressed oops)
Heap:
 PSYoungGen      total 292352K, used 183907K [0x00000000d5f00000, 0x00000000ee880000, 0x0000000100000000)
  eden space 273408K, 67% used [0x00000000d5f00000,0x00000000e1298fa8,0x00000000e6a00000)
  from space 18944K, 0% used [0x00000000e6a00000,0x00000000e6a00000,0x00000000e7c80000)
  to   space 18432K, 0% used [0x00000000ed680000,0x00000000ed680000,0x00000000ee880000)
 ParOldGen       total 110080K, used 20339K [0x0000000081c00000, 0x0000000088780000, 0x00000000d5f00000)
  object space 110080K, 18% used [0x0000000081c00000,0x0000000082fdcc40,0x0000000088780000)
 Metaspace       used 61932K, capacity 65298K, committed 65496K, reserved 1105920K
  class space    used 8046K, capacity 8620K, committed 8704K, reserved 1048576K
GC Heap History (10 events):
Event: 17.511 GC heap before
{Heap before GC invocations=11 (full 2):
 PSYoungGen      total 215552K, used 205312K [0x00000000d5f00000, 0x00000000e4480000, 0x0000000100000000)
  eden space 205312K, 100% used [0x00000000d5f00000,0x00000000e2780000,0x00000000e2780000)
  from space 10240K, 0% used [0x00000000e3a80000,0x00000000e3a80000,0x00000000e4480000)
  to   space 12288K, 0% used [0x00000000e2c80000,0x00000000e2c80000,0x00000000e3880000)
 ParOldGen       total 81408K, used 14880K [0x0000000081c00000, 0x0000000086b80000, 0x00000000d5f00000)
  object space 81408K, 18% used [0x0000000081c00000,0x0000000082a88320,0x0000000086b80000)
 Metaspace       used 53280K, capacity 55692K, committed 55896K, reserved 1097728K
  class space    used 7074K, capacity 7508K, committed 7552K, reserved 1048576K
Event: 17.548 GC heap after
Heap after GC invocations=11 (full 2):
 PSYoungGen      total 222720K, used 12275K [0x00000000d5f00000, 0x00000000e8e80000, 0x0000000100000000)
  eden space 210432K, 0% used [0x00000000d5f00000,0x00000000d5f00000,0x00000000e2c80000)
  from space 12288K, 99% used [0x00000000e2c80000,0x00000000e387cc70,0x00000000e3880000)
  to   space 18432K, 0% used [0x00000000e7c80000,0x00000000e7c80000,0x00000000e8e80000)
 ParOldGen       total 81408K, used 26120K [0x0000000081c00000, 0x0000000086b80000, 0x00000000d5f00000)
  object space 81408K, 32% used [0x0000000081c00000,0x0000000083582330,0x0000000086b80000)
 Metaspace       used 53280K, capacity 55692K, committed 55896K, reserved 1097728K
  class space    used 7074K, capacity 7508K, committed 7552K, reserved 1048576K
}
Event: 18.006 GC heap before
{Heap before GC invocations=12 (full 2):
 PSYoungGen      total 222720K, used 46071K [0x00000000d5f00000, 0x00000000e8e80000, 0x0000000100000000)
  eden space 210432K, 16% used [0x00000000d5f00000,0x00000000d80011d0,0x00000000e2c80000)
  from space 12288K, 99% used [0x00000000e2c80000,0x00000000e387cc70,0x00000000e3880000)
  to   space 18432K, 0% used [0x00000000e7c80000,0x00000000e7c80000,0x00000000e8e80000)
 ParOldGen       total 81408K, used 26120K [0x0000000081c00000, 0x0000000086b80000, 0x00000000d5f00000)
  object space 81408K, 32% used [0x0000000081c00000,0x0000000083582330,0x0000000086b80000)
 Metaspace       used 56290K, capacity 59002K, committed 59028K, reserved 1099776K
  class space    used 7470K, capacity 7933K, committed 7936K, reserved 1048576K
Event: 18.020 GC heap after
Heap after GC invocations=12 (full 2):
 PSYoungGen      total 291840K, used 11642K [0x00000000d5f00000, 0x00000000e9f80000, 0x0000000100000000)
  eden space 273408K, 0% used [0x00000000d5f00000,0x00000000d5f00000,0x00000000e6a00000)
  from space 18432K, 63% used [0x00000000e7c80000,0x00000000e87debf8,0x00000000e8e80000)
  to   space 18944K, 0% used [0x00000000e6a00000,0x00000000e6a00000,0x00000000e7c80000)
 ParOldGen       total 81408K, used 26128K [0x0000000081c00000, 0x0000000086b80000, 0x00000000d5f00000)
  object space 81408K, 32% used [0x0000000081c00000,0x0000000083584330,0x0000000086b80000)
 Metaspace       used 56290K, capacity 59002K, committed 59028K, reserved 1099776K
  class space    used 7470K, capacity 7933K, committed 7936K, reserved 1048576K
}
Event: 18.020 GC heap before
{Heap before GC invocations=13 (full 3):
 PSYoungGen      total 291840K, used 11642K [0x00000000d5f00000, 0x00000000e9f80000, 0x0000000100000000)
  eden space 273408K, 0% used [0x00000000d5f00000,0x00000000d5f00000,0x00000000e6a00000)
  from space 18432K, 63% used [0x00000000e7c80000,0x00000000e87debf8,0x00000000e8e80000)
  to   space 18944K, 0% used [0x00000000e6a00000,0x00000000e6a00000,0x00000000e7c80000)
 ParOldGen       total 81408K, used 26128K [0x0000000081c00000, 0x0000000086b80000, 0x00000000d5f00000)
  object space 81408K, 32% used [0x0000000081c00000,0x0000000083584330,0x0000000086b80000)
 Metaspace       used 56290K, capacity 59002K, committed 59028K, reserved 1099776K
  class space    used 7470K, capacity 7933K, committed 7936K, reserved 1048576K
Event: 18.186 GC heap after
Heap after GC invocations=13 (full 3):
 PSYoungGen      total 291840K, used 0K [0x00000000d5f00000, 0x00000000e9f80000, 0x0000000100000000)
  eden space 273408K, 0% used [0x00000000d5f00000,0x00000000d5f00000,0x00000000e6a00000)
  from space 18432K, 0% used [0x00000000e7c80000,0x00000000e7c80000,0x00000000e8e80000)
  to   space 18944K, 0% used [0x00000000e6a00000,0x00000000e6a00000,0x00000000e7c80000)
 ParOldGen       total 110080K, used 22804K [0x0000000081c00000, 0x0000000088780000, 0x00000000d5f00000)
  object space 110080K, 20% used [0x0000000081c00000,0x0000000083245348,0x0000000088780000)
 Metaspace       used 56290K, capacity 59002K, committed 59028K, reserved 1099776K
  class space    used 7470K, capacity 7933K, committed 7936K, reserved 1048576K
}
Event: 915.652 GC heap before
{Heap before GC invocations=14 (full 3):
 PSYoungGen      total 291840K, used 115915K [0x00000000d5f00000, 0x00000000e9f80000, 0x0000000100000000)
  eden space 273408K, 42% used [0x00000000d5f00000,0x00000000dd032c10,0x00000000e6a00000)
  from space 18432K, 0% used [0x00000000e7c80000,0x00000000e7c80000,0x00000000e8e80000)
  to   space 18944K, 0% used [0x00000000e6a00000,0x00000000e6a00000,0x00000000e7c80000)
 ParOldGen       total 110080K, used 22804K [0x0000000081c00000, 0x0000000088780000, 0x00000000d5f00000)
  object space 110080K, 20% used [0x0000000081c00000,0x0000000083245348,0x0000000088780000)
 Metaspace       used 60190K, capacity 63338K, committed 63576K, reserved 1103872K
  class space    used 7980K, capacity 8534K, committed 8576K, reserved 1048576K
Event: 915.668 GC heap after
Heap after GC invocations=14 (full 3):
 PSYoungGen      total 292352K, used 3980K [0x00000000d5f00000, 0x00000000ee880000, 0x0000000100000000)
  eden space 273408K, 0% used [0x00000000d5f00000,0x00000000d5f00000,0x00000000e6a00000)
  from space 18944K, 21% used [0x00000000e6a00000,0x00000000e6de30d0,0x00000000e7c80000)
  to   space 18432K, 0% used [0x00000000ed680000,0x00000000ed680000,0x00000000ee880000)
 ParOldGen       total 110080K, used 22812K [0x0000000081c00000, 0x0000000088780000, 0x00000000d5f00000)
  object space 110080K, 20% used [0x0000000081c00000,0x0000000083247348,0x0000000088780000)
 Metaspace       used 60190K, capacity 63338K, committed 63576K, reserved 1103872K
  class space    used 7980K, capacity 8534K, committed 8576K, reserved 1048576K
}
Event: 915.668 GC heap before
{Heap before GC invocations=15 (full 4):
 PSYoungGen      total 292352K, used 3980K [0x00000000d5f00000, 0x00000000ee880000, 0x0000000100000000)
  eden space 273408K, 0% used [0x00000000d5f00000,0x00000000d5f00000,0x00000000e6a00000)
  from space 18944K, 21% used [0x00000000e6a00000,0x00000000e6de30d0,0x00000000e7c80000)
  to   space 18432K, 0% used [0x00000000ed680000,0x00000000ed680000,0x00000000ee880000)
 ParOldGen       total 110080K, used 22812K [0x0000000081c00000, 0x0000000088780000, 0x00000000d5f00000)
  object space 110080K, 20% used [0x0000000081c00000,0x0000000083247348,0x0000000088780000)
 Metaspace       used 60190K, capacity 63338K, committed 63576K, reserved 1103872K
  class space    used 7980K, capacity 8534K, committed 8576K, reserved 1048576K
Event: 915.824 GC heap after
Heap after GC invocations=15 (full 4):
 PSYoungGen      total 292352K, used 0K [0x00000000d5f00000, 0x00000000ee880000, 0x0000000100000000)
  eden space 273408K, 0% used [0x00000000d5f00000,0x00000000d5f00000,0x00000000e6a00000)
  from space 18944K, 0% used [0x00000000e6a00000,0x00000000e6a00000,0x00000000e7c80000)
  to   space 18432K, 0% used [0x00000000ed680000,0x00000000ed680000,0x00000000ee880000)
 ParOldGen       total 110080K, used 20339K [0x0000000081c00000, 0x0000000088780000, 0x00000000d5f00000)
  object space 110080K, 18% used [0x0000000081c00000,0x0000000082fdcc40,0x0000000088780000)
 Metaspace       used 60190K, capacity 63338K, committed 63576K, reserved 1103872K
  class space    used 7980K, capacity 8534K, committed 8576K, reserved 1048576K
}

